0 info it worked if it ends with ok
1 verbose cli [ '/usr/local/bin/node', '/usr/local/bin/npm', 'publish' ]
2 info using npm@4.0.5
3 info using node@v6.7.0
4 verbose publish [ '.' ]
5 silly cache add args [ '.', null ]
6 verbose cache add spec .
7 silly cache add parsed spec Result {
7 silly cache add   raw: '.',
7 silly cache add   scope: null,
7 silly cache add   escapedName: null,
7 silly cache add   name: null,
7 silly cache add   rawSpec: '.',
7 silly cache add   spec: '/Users/ctbailey/dev/personal/normalize',
7 silly cache add   type: 'directory' }
8 verbose addLocalDirectory /Users/ctbailey/.npm/normalize/1.0.1/package.tgz not in flight; packing
9 verbose correctMkdir /Users/ctbailey/.npm correctMkdir not in flight; initializing
10 info lifecycle normalize@1.0.1~prepublish: normalize@1.0.1
11 silly lifecycle normalize@1.0.1~prepublish: no script for prepublish, continuing
12 info lifecycle normalize@1.0.1~prepare: normalize@1.0.1
13 silly lifecycle normalize@1.0.1~prepare: no script for prepare, continuing
14 verbose tar pack [ '/Users/ctbailey/.npm/normalize/1.0.1/package.tgz',
14 verbose tar pack   '/Users/ctbailey/dev/personal/normalize' ]
15 verbose tarball /Users/ctbailey/.npm/normalize/1.0.1/package.tgz
16 verbose folder /Users/ctbailey/dev/personal/normalize
17 verbose addLocalTarball adding from inside cache /Users/ctbailey/.npm/normalize/1.0.1/package.tgz
18 verbose correctMkdir /Users/ctbailey/.npm correctMkdir not in flight; initializing
19 silly cache afterAdd normalize@1.0.1
20 verbose afterAdd /Users/ctbailey/.npm/normalize/1.0.1/package/package.json not in flight; writing
21 verbose correctMkdir /Users/ctbailey/.npm correctMkdir not in flight; initializing
22 verbose afterAdd /Users/ctbailey/.npm/normalize/1.0.1/package/package.json written
23 silly publish { scripts: { test: 'ava', build: 'babel src -d build' },
23 silly publish   devDependencies:
23 silly publish    { ava: '^0.18.2',
23 silly publish      'babel-cli': '^6.24.0',
23 silly publish      'babel-preset-env': '^1.3.2' },
23 silly publish   name: 'normalize',
23 silly publish   version: '1.0.1',
23 silly publish   description: 'Normalize an array of numbers.',
23 silly publish   main: 'build/index.js',
23 silly publish   dependencies: { ava: '^0.18.2' },
23 silly publish   repository:
23 silly publish    { type: 'git',
23 silly publish      url: 'git+https://github.com/noise-machines/normalize.git' },
23 silly publish   keywords: [ 'statistics' ],
23 silly publish   author: { name: 'C. Thomas Bailey' },
23 silly publish   license: 'MIT',
23 silly publish   bugs: { url: 'https://github.com/noise-machines/normalize/issues' },
23 silly publish   babel: { presets: [ 'env' ] },
23 silly publish   publishConfig: { access: 'public' },
23 silly publish   homepage: 'https://github.com/noise-machines/normalize#readme',
23 silly publish   readme: '# Normalize\n\nNormalize arrays of numbers.\n\n## Installation\n\n`$ npm install @noise-machines/normalize`\n\n## Usage\n\n```js\nimport normalize from \'@noise-machines/normalize\'\n\nconst normalized = normalize([1,2,3,4,5])\n//=> [0, 0.25, 0.5, 0.75, 1]\nconsole.log(normalized)\n```\n',
23 silly publish   readmeFilename: 'readme.md',
23 silly publish   gitHead: '2429fc9dd6a1c308131165015a4987f6b5865186',
23 silly publish   _id: 'normalize@1.0.1',
23 silly publish   _shasum: '806245267a80071e329bfc614e5d2c9da4239555',
23 silly publish   _from: '.' }
24 info lifecycle normalize@1.0.1~prepublishOnly: normalize@1.0.1
25 silly lifecycle normalize@1.0.1~prepublishOnly: no script for prepublishOnly, continuing
26 verbose getPublishConfig { access: 'public' }
27 silly mapToRegistry name normalize
28 silly mapToRegistry using default registry
29 silly mapToRegistry registry https://registry.npmjs.org/
30 silly mapToRegistry data Result {
30 silly mapToRegistry   raw: 'normalize',
30 silly mapToRegistry   scope: null,
30 silly mapToRegistry   escapedName: 'normalize',
30 silly mapToRegistry   name: 'normalize',
30 silly mapToRegistry   rawSpec: '',
30 silly mapToRegistry   spec: 'latest',
30 silly mapToRegistry   type: 'tag' }
31 silly mapToRegistry uri https://registry.npmjs.org/normalize
32 verbose publish registryBase https://registry.npmjs.org/
33 silly publish uploading /Users/ctbailey/.npm/normalize/1.0.1/package.tgz
34 verbose request uri https://registry.npmjs.org/normalize
35 verbose request sending authorization for write operation
36 info attempt registry request try #1 at 10:55:48 PM
37 verbose request using bearer token for auth
38 verbose request id 1145d5b7edcd8f47
39 http request PUT https://registry.npmjs.org/normalize
40 http 403 https://registry.npmjs.org/normalize
41 verbose headers { 'content-type': 'application/json',
41 verbose headers   'cache-control': 'max-age=300',
41 verbose headers   'content-length': '103',
41 verbose headers   'accept-ranges': 'bytes',
41 verbose headers   date: 'Fri, 31 Mar 2017 02:55:48 GMT',
41 verbose headers   via: '1.1 varnish',
41 verbose headers   connection: 'keep-alive',
41 verbose headers   'x-served-by': 'cache-atl6229-ATL',
41 verbose headers   'x-cache': 'MISS',
41 verbose headers   'x-cache-hits': '0',
41 verbose headers   'x-timer': 'S1490928948.586348,VS0,VE361',
41 verbose headers   vary: 'Accept-Encoding' }
42 verbose request invalidating /Users/ctbailey/.npm/registry.npmjs.org/normalize on PUT
43 error publish Failed PUT 403
44 verbose stack Error: you do not have permission to publish "normalize". Are you logged in as the correct user? : normalize
44 verbose stack     at makeError (/usr/local/lib/node_modules/npm/node_modules/npm-registry-client/lib/request.js:302:12)
44 verbose stack     at CachingRegistryClient.<anonymous> (/usr/local/lib/node_modules/npm/node_modules/npm-registry-client/lib/request.js:290:14)
44 verbose stack     at Request._callback (/usr/local/lib/node_modules/npm/node_modules/npm-registry-client/lib/request.js:210:14)
44 verbose stack     at Request.self.callback (/usr/local/lib/node_modules/npm/node_modules/request/request.js:186:22)
44 verbose stack     at emitTwo (events.js:106:13)
44 verbose stack     at Request.emit (events.js:191:7)
44 verbose stack     at Request.<anonymous> (/usr/local/lib/node_modules/npm/node_modules/request/request.js:1081:10)
44 verbose stack     at emitOne (events.js:96:13)
44 verbose stack     at Request.emit (events.js:188:7)
44 verbose stack     at IncomingMessage.<anonymous> (/usr/local/lib/node_modules/npm/node_modules/request/request.js:1001:12)
45 verbose statusCode 403
46 verbose pkgid normalize
47 verbose cwd /Users/ctbailey/dev/personal/normalize
48 error Darwin 15.6.0
49 error argv "/usr/local/bin/node" "/usr/local/bin/npm" "publish"
50 error node v6.7.0
51 error npm  v4.0.5
52 error code E403
53 error you do not have permission to publish "normalize". Are you logged in as the correct user? : normalize
54 error If you need help, you may report this error at:
54 error     <https://github.com/npm/npm/issues>
55 verbose exit [ 1, true ]
